<?xml version="1.0" encoding="UTF-8"?>
<coverage generated="1699644020443" clover="3.2.0">
  <project timestamp="1699644020443" name="All files">
    <metrics statements="35" coveredstatements="21" conditionals="0" coveredconditionals="0" methods="13" coveredmethods="8" elements="48" coveredelements="29" complexity="0" loc="35" ncloc="35" packages="2" files="4" classes="4"/>
    <package name="mocks">
      <metrics statements="0" coveredstatements="0" conditionals="0" coveredconditionals="0" methods="0" coveredmethods="0"/>
      <file name="fileMock.js" path="/Users/zacharykerner/Desktop/Capstone/Main/reactT/mayfly/frontend/mocks/fileMock.js">
        <metrics statements="0" coveredstatements="0" conditionals="0" coveredconditionals="0" methods="0" coveredmethods="0"/>
      </file>
    </package>
    <package name="src.components">
      <metrics statements="35" coveredstatements="21" conditionals="0" coveredconditionals="0" methods="13" coveredmethods="8"/>
      <file name="HomePage.tsx" path="/Users/zacharykerner/Desktop/Capstone/Main/reactT/mayfly/frontend/src/components/HomePage.tsx">
        <metrics statements="14" coveredstatements="11" conditionals="0" coveredconditionals="0" methods="7" coveredmethods="6"/>
        <line num="10" count="1" type="stmt"/>
        <line num="11" count="1" type="stmt"/>
        <line num="12" count="1" type="stmt"/>
        <line num="14" count="1" type="stmt"/>
        <line num="15" count="1" type="stmt"/>
        <line num="16" count="0" type="stmt"/>
        <line num="17" count="0" type="stmt"/>
        <line num="18" count="0" type="stmt"/>
        <line num="21" count="1" type="stmt"/>
        <line num="24" count="1" type="stmt"/>
        <line num="38" count="1" type="stmt"/>
        <line num="39" count="1" type="stmt"/>
        <line num="63" count="1" type="stmt"/>
        <line num="64" count="1" type="stmt"/>
      </file>
      <file name="LoginForm.tsx" path="/Users/zacharykerner/Desktop/Capstone/Main/reactT/mayfly/frontend/src/components/LoginForm.tsx">
        <metrics statements="19" coveredstatements="8" conditionals="0" coveredconditionals="0" methods="5" coveredmethods="1"/>
        <line num="12" count="1" type="stmt"/>
        <line num="13" count="1" type="stmt"/>
        <line num="14" count="1" type="stmt"/>
        <line num="16" count="1" type="stmt"/>
        <line num="17" count="0" type="stmt"/>
        <line num="18" count="0" type="stmt"/>
        <line num="19" count="0" type="stmt"/>
        <line num="22" count="1" type="stmt"/>
        <line num="23" count="0" type="stmt"/>
        <line num="24" count="0" type="stmt"/>
        <line num="25" count="0" type="stmt"/>
        <line num="28" count="1" type="stmt"/>
        <line num="29" count="0" type="stmt"/>
        <line num="30" count="0" type="stmt"/>
        <line num="31" count="0" type="stmt"/>
        <line num="34" count="1" type="stmt"/>
        <line num="35" count="0" type="stmt"/>
        <line num="36" count="0" type="stmt"/>
        <line num="39" count="1" type="stmt"/>
      </file>
      <file name="NavHome.tsx" path="/Users/zacharykerner/Desktop/Capstone/Main/reactT/mayfly/frontend/src/components/NavHome.tsx">
        <metrics statements="2" coveredstatements="2" conditionals="0" coveredconditionals="0" methods="1" coveredmethods="1"/>
        <line num="7" count="1" type="stmt"/>
        <line num="8" count="1" type="stmt"/>
      </file>
    </package>
  </project>
</coverage>
