{"/Users/zacharykerner/Desktop/Capstone/Main/reactT/mayfly/frontend/mocks/fileMock.js": {"path":"/Users/zacharykerner/Desktop/Capstone/Main/reactT/mayfly/frontend/mocks/fileMock.js","statementMap":{},"fnMap":{},"branchMap":{},"s":{},"f":{},"b":{},"_coverageSchema":"1a1c01bbd47fc00a2c39e90264f33305004495a9","hash":"66d3e6a6e84a1830340ee479268d4458911035f9"}
,"/Users/zacharykerner/Desktop/Capstone/Main/reactT/mayfly/frontend/src/components/HomePage.tsx": {"path":"/Users/zacharykerner/Desktop/Capstone/Main/reactT/mayfly/frontend/src/components/HomePage.tsx","statementMap":{"0":{"start":{"line":10,"column":21},"end":{"line":27,"column":1}},"1":{"start":{"line":11,"column":26},"end":{"line":11,"column":90}},"2":{"start":{"line":11,"column":40},"end":{"line":11,"column":85}},"3":{"start":{"line":12,"column":40},"end":{"line":12,"column":58}},"4":{"start":{"line":14,"column":2},"end":{"line":22,"column":27}},"5":{"start":{"line":15,"column":39},"end":{"line":19,"column":12}},"6":{"start":{"line":16,"column":27},"end":{"line":16,"column":53}},"7":{"start":{"line":17,"column":24},"end":{"line":17,"column":57}},"8":{"start":{"line":18,"column":6},"end":{"line":18,"column":39}},"9":{"start":{"line":21,"column":4},"end":{"line":21,"column":42}},"10":{"start":{"line":21,"column":17},"end":{"line":21,"column":42}},"11":{"start":{"line":24,"column":2},"end":{"line":26,"column":3}},"12":{"start":{"line":38,"column":20},"end":{"line":61,"column":1}},"13":{"start":{"line":39,"column":2},"end":{"line":60,"column":1}},"14":{"start":{"line":63,"column":17},"end":{"line":76,"column":1}},"15":{"start":{"line":64,"column":2},"end":{"line":75,"column":3}}},"fnMap":{"0":{"name":"(anonymous_0)","decl":{"start":{"line":10,"column":21},"end":{"line":10,"column":22}},"loc":{"start":{"line":10,"column":27},"end":{"line":27,"column":1}},"line":10},"1":{"name":"(anonymous_1)","decl":{"start":{"line":11,"column":34},"end":{"line":11,"column":35}},"loc":{"start":{"line":11,"column":40},"end":{"line":11,"column":85}},"line":11},"2":{"name":"(anonymous_2)","decl":{"start":{"line":14,"column":12},"end":{"line":14,"column":13}},"loc":{"start":{"line":14,"column":18},"end":{"line":22,"column":3}},"line":14},"3":{"name":"(anonymous_3)","decl":{"start":{"line":15,"column":51},"end":{"line":15,"column":52}},"loc":{"start":{"line":15,"column":57},"end":{"line":19,"column":5}},"line":15},"4":{"name":"(anonymous_4)","decl":{"start":{"line":21,"column":11},"end":{"line":21,"column":12}},"loc":{"start":{"line":21,"column":17},"end":{"line":21,"column":42}},"line":21},"5":{"name":"(anonymous_5)","decl":{"start":{"line":38,"column":20},"end":{"line":38,"column":21}},"loc":{"start":{"line":38,"column":26},"end":{"line":61,"column":1}},"line":38},"6":{"name":"(anonymous_6)","decl":{"start":{"line":63,"column":17},"end":{"line":63,"column":18}},"loc":{"start":{"line":63,"column":23},"end":{"line":76,"column":1}},"line":63}},"branchMap":{},"s":{"0":1,"1":1,"2":1,"3":1,"4":1,"5":1,"6":0,"7":0,"8":0,"9":1,"10":1,"11":1,"12":1,"13":1,"14":1,"15":1},"f":{"0":1,"1":1,"2":1,"3":0,"4":1,"5":1,"6":1},"b":{},"_coverageSchema":"1a1c01bbd47fc00a2c39e90264f33305004495a9","hash":"34bf3d5ed52b793d933bccd3074004c1ad86f103"}
,"/Users/zacharykerner/Desktop/Capstone/Main/reactT/mayfly/frontend/src/components/LoginForm.tsx": {"path":"/Users/zacharykerner/Desktop/Capstone/Main/reactT/mayfly/frontend/src/components/LoginForm.tsx","statementMap":{"0":{"start":{"line":12,"column":34},"end":{"line":12,"column":52}},"1":{"start":{"line":13,"column":34},"end":{"line":13,"column":52}},"2":{"start":{"line":14,"column":34},"end":{"line":14,"column":70}},"3":{"start":{"line":16,"column":31},"end":{"line":20,"column":3}},"4":{"start":{"line":17,"column":22},"end":{"line":17,"column":30}},"5":{"start":{"line":18,"column":4},"end":{"line":18,"column":23}},"6":{"start":{"line":19,"column":4},"end":{"line":19,"column":34}},"7":{"start":{"line":22,"column":31},"end":{"line":26,"column":3}},"8":{"start":{"line":23,"column":22},"end":{"line":23,"column":30}},"9":{"start":{"line":24,"column":4},"end":{"line":24,"column":23}},"10":{"start":{"line":25,"column":4},"end":{"line":25,"column":34}},"11":{"start":{"line":28,"column":31},"end":{"line":32,"column":3}},"12":{"start":{"line":29,"column":24},"end":{"line":29,"column":32}},"13":{"start":{"line":30,"column":4},"end":{"line":30,"column":25}},"14":{"start":{"line":31,"column":4},"end":{"line":31,"column":36}},"15":{"start":{"line":34,"column":23},"end":{"line":37,"column":3}},"16":{"start":{"line":35,"column":4},"end":{"line":35,"column":23}},"17":{"start":{"line":36,"column":4},"end":{"line":36,"column":39}},"18":{"start":{"line":39,"column":2},"end":{"line":74,"column":4}}},"fnMap":{"0":{"name":"LoginForm","decl":{"start":{"line":11,"column":9},"end":{"line":11,"column":18}},"loc":{"start":{"line":11,"column":33},"end":{"line":75,"column":1}},"line":11},"1":{"name":"(anonymous_1)","decl":{"start":{"line":16,"column":31},"end":{"line":16,"column":32}},"loc":{"start":{"line":16,"column":75},"end":{"line":20,"column":3}},"line":16},"2":{"name":"(anonymous_2)","decl":{"start":{"line":22,"column":31},"end":{"line":22,"column":32}},"loc":{"start":{"line":22,"column":75},"end":{"line":26,"column":3}},"line":22},"3":{"name":"(anonymous_3)","decl":{"start":{"line":28,"column":31},"end":{"line":28,"column":32}},"loc":{"start":{"line":28,"column":75},"end":{"line":32,"column":3}},"line":28},"4":{"name":"(anonymous_4)","decl":{"start":{"line":34,"column":23},"end":{"line":34,"column":24}},"loc":{"start":{"line":34,"column":47},"end":{"line":37,"column":3}},"line":34}},"branchMap":{},"s":{"0":1,"1":1,"2":1,"3":1,"4":0,"5":0,"6":0,"7":1,"8":0,"9":0,"10":0,"11":1,"12":0,"13":0,"14":0,"15":1,"16":0,"17":0,"18":1},"f":{"0":1,"1":0,"2":0,"3":0,"4":0},"b":{},"_coverageSchema":"1a1c01bbd47fc00a2c39e90264f33305004495a9","hash":"a0489b8b32afd1759218e370bf10f73a0b7270bf"}
,"/Users/zacharykerner/Desktop/Capstone/Main/reactT/mayfly/frontend/src/components/NavHome.tsx": {"path":"/Users/zacharykerner/Desktop/Capstone/Main/reactT/mayfly/frontend/src/components/NavHome.tsx","statementMap":{"0":{"start":{"line":7,"column":16},"end":{"line":22,"column":1}},"1":{"start":{"line":8,"column":2},"end":{"line":21,"column":3}}},"fnMap":{"0":{"name":"(anonymous_0)","decl":{"start":{"line":7,"column":16},"end":{"line":7,"column":17}},"loc":{"start":{"line":7,"column":22},"end":{"line":22,"column":1}},"line":7}},"branchMap":{},"s":{"0":1,"1":1},"f":{"0":1},"b":{},"_coverageSchema":"1a1c01bbd47fc00a2c39e90264f33305004495a9","hash":"98e58f72dc48ac4d0db55d0641787d865fd57981"}
}
